2025-07-03 10:43:47:4347 - [34minfo[39m: [34mAplicação está funcionando na porta:3000[39m
2025-07-03 10:45:09:459 - [34minfo[39m: [34mAplicação está funcionando na porta:3000[39m
2025-07-03 10:45:11:4511 - [34minfo[39m: [34mAplicação está funcionando na porta:3000[39m
2025-07-03 10:45:12:4512 - [34minfo[39m: [34mAplicação está funcionando na porta:3000[39m
2025-07-03 10:45:15:4515 - [34minfo[39m: [34mAplicação está funcionando na porta:3000[39m
2025-07-03 10:45:16:4516 - [34minfo[39m: [34mAplicação está funcionando na porta:3000[39m
2025-07-03 10:45:19:4519 - [34minfo[39m: [34mAplicação está funcionando na porta:3000[39m
2025-07-03 10:45:25:4525 - [34minfo[39m: [34mAplicação está funcionando na porta:3000[39m
2025-07-03 10:45:40:4540 - [34minfo[39m: [34mConectou ao banco de dados![39m
2025-07-03 10:45:40:4540 - [34minfo[39m: [34mAplicação está funcionando na porta:3000[39m
2025-07-03 10:45:47:4547 - [34minfo[39m: [34mConectou ao banco de dados![39m
2025-07-03 10:45:47:4547 - [34minfo[39m: [34mAplicação está funcionando na porta:3000[39m
2025-07-03 10:45:54:4554 - [34minfo[39m: [34mConectou ao banco de dados![39m
2025-07-03 10:45:54:4554 - [34minfo[39m: [34mAplicação está funcionando na porta:3000[39m
2025-07-03 10:45:56:4556 - [34minfo[39m: [34mConectou ao banco de dados![39m
2025-07-03 10:45:56:4556 - [34minfo[39m: [34mAplicação está funcionando na porta:3000[39m
2025-07-03 10:46:06:466 - [34minfo[39m: [34mConectou ao banco de dados![39m
2025-07-03 10:46:06:466 - [34minfo[39m: [34mAplicação está funcionando na porta:3000[39m
2025-07-03 10:46:10:4610 - [34minfo[39m: [34mConectou ao banco de dados![39m
2025-07-03 10:46:10:4610 - [34minfo[39m: [34mAplicação está funcionando na porta:3000[39m
2025-07-03 10:46:14:4614 - [34minfo[39m: [34mConectou ao banco de dados![39m
2025-07-03 10:46:14:4614 - [34minfo[39m: [34mAplicação está funcionando na porta:3000[39m
2025-07-03 10:46:17:4617 - [34minfo[39m: [34mConectou ao banco de dados![39m
2025-07-03 10:46:17:4617 - [34minfo[39m: [34mAplicação está funcionando na porta:3000[39m
2025-07-03 10:46:52:4652 - [34minfo[39m: [34mConectou ao banco de dados![39m
2025-07-03 10:46:52:4652 - [34minfo[39m: [34mAplicação está funcionando na porta:3000[39m
2025-07-03 10:46:57:4657 - [34minfo[39m: [34mConectou ao banco de dados![39m
2025-07-03 10:46:57:4657 - [34minfo[39m: [34mAplicação está funcionando na porta:3000[39m
2025-07-03 10:46:59:4659 - [34minfo[39m: [34mConectou ao banco de dados![39m
2025-07-03 10:46:59:4659 - [34minfo[39m: [34mAplicação está funcionando na porta:3000[39m
2025-07-03 10:54:56:5456 - [34minfo[39m: [34mConectou ao banco de dados![39m
2025-07-03 10:54:56:5456 - [34minfo[39m: [34mAplicação está funcionando na porta:3000[39m
2025-07-03 10:54:59:5459 - [34minfo[39m: [34mConectou ao banco de dados![39m
2025-07-03 10:54:59:5459 - [34minfo[39m: [34mAplicação está funcionando na porta:3000[39m
2025-07-03 10:55:01:551 - [34minfo[39m: [34mConectou ao banco de dados![39m
2025-07-03 10:55:01:551 - [34minfo[39m: [34mAplicação está funcionando na porta:3000[39m
2025-07-03 10:55:09:559 - [34minfo[39m: [34mConectou ao banco de dados![39m
2025-07-03 10:55:09:559 - [34minfo[39m: [34mAplicação está funcionando na porta:3000[39m
2025-07-03 10:55:25:5525 - [34minfo[39m: [34mConectou ao banco de dados![39m
2025-07-03 10:55:25:5525 - [34minfo[39m: [34mAplicação está funcionando na porta:3000[39m
2025-07-03 10:55:30:5530 - [34minfo[39m: [34mConectou ao banco de dados![39m
2025-07-03 10:55:30:5530 - [34minfo[39m: [34mAplicação está funcionando na porta:3000[39m
2025-07-03 10:55:53:5553 - [34minfo[39m: [34mConectou ao banco de dados![39m
2025-07-03 10:55:53:5553 - [34minfo[39m: [34mAplicação está funcionando na porta:3000[39m
2025-07-03 10:56:17:5617 - [34minfo[39m: [34mConectou ao banco de dados![39m
2025-07-03 10:56:17:5617 - [34minfo[39m: [34mAplicação está funcionando na porta:3000[39m
2025-07-03 10:56:19:5619 - [34minfo[39m: [34mConectou ao banco de dados![39m
2025-07-03 10:56:19:5619 - [34minfo[39m: [34mAplicação está funcionando na porta:3000[39m
2025-07-03 10:56:27:5627 - [34minfo[39m: [34mConectou ao banco de dados![39m
2025-07-03 10:56:27:5627 - [34minfo[39m: [34mAplicação está funcionando na porta:3000[39m
2025-07-03 10:57:44:5744 - [34minfo[39m: [34mConectou ao banco de dados![39m
2025-07-03 10:57:44:5744 - [34minfo[39m: [34mAplicação está funcionando na porta:3000[39m
2025-07-03 10:58:43:5843 - [34minfo[39m: [34mConectou ao banco de dados![39m
2025-07-03 10:58:43:5843 - [34minfo[39m: [34mAplicação está funcionando na porta:3000[39m
2025-07-03 10:58:48:5848 - [34minfo[39m: [34mConectou ao banco de dados![39m
2025-07-03 10:58:48:5848 - [34minfo[39m: [34mAplicação está funcionando na porta:3000[39m
2025-07-03 10:58:51:5851 - [35mhttp[39m: [35mGET /api/test 200 12 - 2.104 ms[39m
[35m[39m
2025-07-03 11:10:50:1050 - [34minfo[39m: [34mConectou ao banco de dados![39m
2025-07-03 11:10:50:1050 - [34minfo[39m: [34mAplicação está funcionando na porta:3000[39m
2025-07-03 11:11:36:1136 - [34minfo[39m: [34mConectou ao banco de dados![39m
2025-07-03 11:11:36:1136 - [34minfo[39m: [34mAplicação está funcionando na porta:3000[39m
2025-07-03 11:12:19:1219 - [34minfo[39m: [34mConectou ao banco de dados![39m
2025-07-03 11:12:19:1219 - [34minfo[39m: [34mAplicação está funcionando na porta:3000[39m
2025-07-03 11:12:32:1232 - [34minfo[39m: [34mConectou ao banco de dados![39m
2025-07-03 11:12:32:1232 - [34minfo[39m: [34mAplicação está funcionando na porta:3000[39m
2025-07-03 11:13:12:1312 - [34minfo[39m: [34mConectou ao banco de dados![39m
2025-07-03 11:13:12:1312 - [34minfo[39m: [34mAplicação está funcionando na porta:3000[39m
2025-07-03 11:15:06:156 - [35mhttp[39m: [35mPOST /api/movie 200 23 - 2.826 ms[39m
[35m[39m
2025-07-03 11:22:34:2234 - [34minfo[39m: [34mConectou ao banco de dados![39m
2025-07-03 11:22:34:2234 - [34minfo[39m: [34mAplicação está funcionando na porta:3000[39m
2025-07-03 11:22:52:2252 - [34minfo[39m: [34mConectou ao banco de dados![39m
2025-07-03 11:22:52:2252 - [34minfo[39m: [34mAplicação está funcionando na porta:3000[39m
2025-07-03 11:22:55:2255 - [34minfo[39m: [34mConectou ao banco de dados![39m
2025-07-03 11:22:55:2255 - [34minfo[39m: [34mAplicação está funcionando na porta:3000[39m
2025-07-03 11:22:58:2258 - [34minfo[39m: [34mConectou ao banco de dados![39m
2025-07-03 11:22:58:2258 - [34minfo[39m: [34mAplicação está funcionando na porta:3000[39m
2025-07-03 11:23:03:233 - [34minfo[39m: [34mConectou ao banco de dados![39m
2025-07-03 11:23:03:233 - [34minfo[39m: [34mAplicação está funcionando na porta:3000[39m
2025-07-03 11:23:12:2312 - [34minfo[39m: [34mConectou ao banco de dados![39m
2025-07-03 11:23:12:2312 - [34minfo[39m: [34mAplicação está funcionando na porta:3000[39m
2025-07-03 11:23:30:2330 - [34minfo[39m: [34mConectou ao banco de dados![39m
2025-07-03 11:23:30:2330 - [34minfo[39m: [34mAplicação está funcionando na porta:3000[39m
2025-07-03 11:31:17:3117 - [35mhttp[39m: [35mPOST /api/movie 201 440 - 67.975 ms[39m
[35m[39m
2025-07-03 11:31:18:3118 - [35mhttp[39m: [35mPOST /api/movie 201 440 - 36.060 ms[39m
[35m[39m
2025-07-03 11:33:36:3336 - [34minfo[39m: [34mConectou ao banco de dados![39m
2025-07-03 11:33:36:3336 - [34minfo[39m: [34mAplicação está funcionando na porta:3000[39m
2025-07-03 11:33:51:3351 - [34minfo[39m: [34mConectou ao banco de dados![39m
2025-07-03 11:33:51:3351 - [34minfo[39m: [34mAplicação está funcionando na porta:3000[39m
2025-07-03 11:33:55:3355 - [34minfo[39m: [34mConectou ao banco de dados![39m
2025-07-03 11:33:55:3355 - [34minfo[39m: [34mAplicação está funcionando na porta:3000[39m
2025-07-03 11:33:59:3359 - [34minfo[39m: [34mConectou ao banco de dados![39m
2025-07-03 11:33:59:3359 - [34minfo[39m: [34mAplicação está funcionando na porta:3000[39m
2025-07-03 11:34:03:343 - [34minfo[39m: [34mConectou ao banco de dados![39m
2025-07-03 11:34:03:343 - [34minfo[39m: [34mAplicação está funcionando na porta:3000[39m
2025-07-03 11:34:09:349 - [34minfo[39m: [34mConectou ao banco de dados![39m
2025-07-03 11:34:09:349 - [34minfo[39m: [34mAplicação está funcionando na porta:3000[39m
2025-07-03 11:34:18:3418 - [34minfo[39m: [34mConectou ao banco de dados![39m
2025-07-03 11:34:18:3418 - [34minfo[39m: [34mAplicação está funcionando na porta:3000[39m
2025-07-03 11:53:57:5357 - [34minfo[39m: [34mConectou ao banco de dados![39m
2025-07-03 11:53:57:5357 - [34minfo[39m: [34mAplicação está funcionando na porta:3000[39m
2025-07-03 11:55:42:5542 - [34minfo[39m: [34mConectou ao banco de dados![39m
2025-07-03 11:55:42:5542 - [34minfo[39m: [34mAplicação está funcionando na porta:3000[39m
2025-07-03 11:56:00:560 - [34minfo[39m: [34mConectou ao banco de dados![39m
2025-07-03 11:56:00:560 - [34minfo[39m: [34mAplicação está funcionando na porta:3000[39m
2025-07-03 11:56:05:565 - [34minfo[39m: [34mConectou ao banco de dados![39m
2025-07-03 11:56:05:565 - [34minfo[39m: [34mAplicação está funcionando na porta:3000[39m
2025-07-03 11:56:17:5617 - [34minfo[39m: [34mConectou ao banco de dados![39m
2025-07-03 11:56:17:5617 - [34minfo[39m: [34mAplicação está funcionando na porta:3000[39m
2025-07-03 11:56:20:5620 - [34minfo[39m: [34mConectou ao banco de dados![39m
2025-07-03 11:56:20:5620 - [34minfo[39m: [34mAplicação está funcionando na porta:3000[39m
2025-07-03 11:56:24:5624 - [34minfo[39m: [34mConectou ao banco de dados![39m
2025-07-03 11:56:24:5624 - [34minfo[39m: [34mAplicação está funcionando na porta:3000[39m
2025-07-03 11:56:25:5625 - [34minfo[39m: [34mConectou ao banco de dados![39m
2025-07-03 11:56:25:5625 - [34minfo[39m: [34mAplicação está funcionando na porta:3000[39m
2025-07-03 11:56:27:5627 - [34minfo[39m: [34mConectou ao banco de dados![39m
2025-07-03 11:56:27:5627 - [34minfo[39m: [34mAplicação está funcionando na porta:3000[39m
2025-07-03 11:56:35:5635 - [34minfo[39m: [34mConectou ao banco de dados![39m
2025-07-03 11:56:35:5635 - [34minfo[39m: [34mAplicação está funcionando na porta:3000[39m
2025-07-03 11:57:45:5745 - [34minfo[39m: [34mConectou ao banco de dados![39m
2025-07-03 11:57:45:5745 - [34minfo[39m: [34mAplicação está funcionando na porta:3000[39m
2025-07-03 12:00:22:022 - [34minfo[39m: [34mConectou ao banco de dados![39m
2025-07-03 12:00:22:022 - [34minfo[39m: [34mAplicação está funcionando na porta:3000[39m
2025-07-03 12:00:27:027 - [34minfo[39m: [34mConectou ao banco de dados![39m
2025-07-03 12:00:27:027 - [34minfo[39m: [34mAplicação está funcionando na porta:3000[39m
2025-07-03 12:00:29:029 - [34minfo[39m: [34mConectou ao banco de dados![39m
2025-07-03 12:00:29:029 - [34minfo[39m: [34mAplicação está funcionando na porta:3000[39m
2025-07-03 12:00:32:032 - [34minfo[39m: [34mConectou ao banco de dados![39m
2025-07-03 12:00:32:032 - [34minfo[39m: [34mAplicação está funcionando na porta:3000[39m
2025-07-03 12:01:00:10 - [34minfo[39m: [34mConectou ao banco de dados![39m
2025-07-03 12:01:01:11 - [34minfo[39m: [34mAplicação está funcionando na porta:3000[39m
2025-07-03 12:01:12:112 - [34minfo[39m: [34mConectou ao banco de dados![39m
2025-07-03 12:01:12:112 - [34minfo[39m: [34mAplicação está funcionando na porta:3000[39m
2025-07-03 12:01:14:114 - [34minfo[39m: [34mConectou ao banco de dados![39m
2025-07-03 12:01:14:114 - [34minfo[39m: [34mAplicação está funcionando na porta:3000[39m
2025-07-03 12:01:17:117 - [34minfo[39m: [34mConectou ao banco de dados![39m
2025-07-03 12:01:17:117 - [34minfo[39m: [34mAplicação está funcionando na porta:3000[39m
2025-07-03 12:01:24:124 - [34minfo[39m: [34mConectou ao banco de dados![39m
2025-07-03 12:01:24:124 - [34minfo[39m: [34mAplicação está funcionando na porta:3000[39m
2025-07-03 13:33:50:3350 - [31merror[39m: [31mErro no sistema: 40589CA0D47F0000:error:0A000438:SSL routines:ssl3_read_bytes:tlsv1 alert internal error:../deps/openssl/openssl/ssl/record/rec_layer_s3.c:1605:SSL alert number 80[39m
[31m[39m
2025-07-03 13:33:50:3350 - [35mhttp[39m: [35mPOST /api/movie 500 35 - 30018.908 ms[39m
[35m[39m
2025-07-03 13:34:31:3431 - [31merror[39m: [31mErro no sistema: 40589CA0D47F0000:error:0A000438:SSL routines:ssl3_read_bytes:tlsv1 alert internal error:../deps/openssl/openssl/ssl/record/rec_layer_s3.c:1605:SSL alert number 80[39m
[31m[39m
2025-07-03 13:34:31:3431 - [35mhttp[39m: [35mPOST /api/movie 500 35 - 30003.068 ms[39m
[35m[39m
2025-07-04 08:42:17:4217 - [31merror[39m: [31mErro no sistema: 40589CA0D47F0000:error:0A000438:SSL routines:ssl3_read_bytes:tlsv1 alert internal error:../deps/openssl/openssl/ssl/record/rec_layer_s3.c:1605:SSL alert number 80[39m
[31m[39m
2025-07-04 08:42:17:4217 - [35mhttp[39m: [35mPOST /api/movie 500 35 - 30012.838 ms[39m
[35m[39m
2025-07-04 08:44:28:4428 - [31merror[39m: [31mNão foi possível conectar![39m
2025-07-04 08:46:42:4642 - [31merror[39m: [31mNão foi possível conectar![39m
2025-07-04 08:52:34:5234 - [31merror[39m: [31mNão foi possível conectar![39m
2025-07-04 08:54:02:542 - [31merror[39m: [31mNão foi possível conectar![39m
2025-07-04 08:58:17:5817 - [35mhttp[39m: [35mGET /api/test 200 12 - 3.659 ms[39m
[35m[39m
2025-07-04 08:58:23:5823 - [31merror[39m: [31mNão foi possível conectar![39m
2025-07-04 09:23:16:2316 - [31merror[39m: [31mNão foi possível conectar![39m
2025-07-04 09:26:06:266 - [34minfo[39m: [34mConectou ao banco de dados![39m
2025-07-04 09:26:06:266 - [34minfo[39m: [34mAplicação está funcionando na porta:3000[39m
2025-07-04 09:26:19:2619 - [34minfo[39m: [34mConectou ao banco de dados![39m
2025-07-04 09:26:19:2619 - [34minfo[39m: [34mAplicação está funcionando na porta:3000[39m
