2025-07-03 10:43:47:4347 - [34minfo[39m: [34mAplicação está funcionando na porta:3000[39m
2025-07-03 10:45:09:459 - [34minfo[39m: [34mAplicação está funcionando na porta:3000[39m
2025-07-03 10:45:11:4511 - [34minfo[39m: [34mAplicação está funcionando na porta:3000[39m
2025-07-03 10:45:12:4512 - [34minfo[39m: [34mAplicação está funcionando na porta:3000[39m
2025-07-03 10:45:15:4515 - [34minfo[39m: [34mAplicação está funcionando na porta:3000[39m
2025-07-03 10:45:16:4516 - [34minfo[39m: [34mAplicação está funcionando na porta:3000[39m
2025-07-03 10:45:19:4519 - [34minfo[39m: [34mAplicação está funcionando na porta:3000[39m
2025-07-03 10:45:25:4525 - [34minfo[39m: [34mAplicação está funcionando na porta:3000[39m
2025-07-03 10:45:40:4540 - [34minfo[39m: [34mConectou ao banco de dados![39m
2025-07-03 10:45:40:4540 - [34minfo[39m: [34mAplicação está funcionando na porta:3000[39m
2025-07-03 10:45:47:4547 - [34minfo[39m: [34mConectou ao banco de dados![39m
2025-07-03 10:45:47:4547 - [34minfo[39m: [34mAplicação está funcionando na porta:3000[39m
2025-07-03 10:45:54:4554 - [34minfo[39m: [34mConectou ao banco de dados![39m
2025-07-03 10:45:54:4554 - [34minfo[39m: [34mAplicação está funcionando na porta:3000[39m
2025-07-03 10:45:56:4556 - [34minfo[39m: [34mConectou ao banco de dados![39m
2025-07-03 10:45:56:4556 - [34minfo[39m: [34mAplicação está funcionando na porta:3000[39m
2025-07-03 10:46:06:466 - [34minfo[39m: [34mConectou ao banco de dados![39m
2025-07-03 10:46:06:466 - [34minfo[39m: [34mAplicação está funcionando na porta:3000[39m
2025-07-03 10:46:10:4610 - [34minfo[39m: [34mConectou ao banco de dados![39m
2025-07-03 10:46:10:4610 - [34minfo[39m: [34mAplicação está funcionando na porta:3000[39m
2025-07-03 10:46:14:4614 - [34minfo[39m: [34mConectou ao banco de dados![39m
2025-07-03 10:46:14:4614 - [34minfo[39m: [34mAplicação está funcionando na porta:3000[39m
2025-07-03 10:46:17:4617 - [34minfo[39m: [34mConectou ao banco de dados![39m
2025-07-03 10:46:17:4617 - [34minfo[39m: [34mAplicação está funcionando na porta:3000[39m
2025-07-03 10:46:52:4652 - [34minfo[39m: [34mConectou ao banco de dados![39m
2025-07-03 10:46:52:4652 - [34minfo[39m: [34mAplicação está funcionando na porta:3000[39m
2025-07-03 10:46:57:4657 - [34minfo[39m: [34mConectou ao banco de dados![39m
2025-07-03 10:46:57:4657 - [34minfo[39m: [34mAplicação está funcionando na porta:3000[39m
2025-07-03 10:46:59:4659 - [34minfo[39m: [34mConectou ao banco de dados![39m
2025-07-03 10:46:59:4659 - [34minfo[39m: [34mAplicação está funcionando na porta:3000[39m
2025-07-03 10:54:56:5456 - [34minfo[39m: [34mConectou ao banco de dados![39m
2025-07-03 10:54:56:5456 - [34minfo[39m: [34mAplicação está funcionando na porta:3000[39m
2025-07-03 10:54:59:5459 - [34minfo[39m: [34mConectou ao banco de dados![39m
2025-07-03 10:54:59:5459 - [34minfo[39m: [34mAplicação está funcionando na porta:3000[39m
2025-07-03 10:55:01:551 - [34minfo[39m: [34mConectou ao banco de dados![39m
2025-07-03 10:55:01:551 - [34minfo[39m: [34mAplicação está funcionando na porta:3000[39m
2025-07-03 10:55:09:559 - [34minfo[39m: [34mConectou ao banco de dados![39m
2025-07-03 10:55:09:559 - [34minfo[39m: [34mAplicação está funcionando na porta:3000[39m
2025-07-03 10:55:25:5525 - [34minfo[39m: [34mConectou ao banco de dados![39m
2025-07-03 10:55:25:5525 - [34minfo[39m: [34mAplicação está funcionando na porta:3000[39m
2025-07-03 10:55:30:5530 - [34minfo[39m: [34mConectou ao banco de dados![39m
2025-07-03 10:55:30:5530 - [34minfo[39m: [34mAplicação está funcionando na porta:3000[39m
2025-07-03 10:55:53:5553 - [34minfo[39m: [34mConectou ao banco de dados![39m
2025-07-03 10:55:53:5553 - [34minfo[39m: [34mAplicação está funcionando na porta:3000[39m
2025-07-03 10:56:17:5617 - [34minfo[39m: [34mConectou ao banco de dados![39m
2025-07-03 10:56:17:5617 - [34minfo[39m: [34mAplicação está funcionando na porta:3000[39m
2025-07-03 10:56:19:5619 - [34minfo[39m: [34mConectou ao banco de dados![39m
2025-07-03 10:56:19:5619 - [34minfo[39m: [34mAplicação está funcionando na porta:3000[39m
2025-07-03 10:56:27:5627 - [34minfo[39m: [34mConectou ao banco de dados![39m
2025-07-03 10:56:27:5627 - [34minfo[39m: [34mAplicação está funcionando na porta:3000[39m
2025-07-03 10:57:44:5744 - [34minfo[39m: [34mConectou ao banco de dados![39m
2025-07-03 10:57:44:5744 - [34minfo[39m: [34mAplicação está funcionando na porta:3000[39m
2025-07-03 10:58:43:5843 - [34minfo[39m: [34mConectou ao banco de dados![39m
2025-07-03 10:58:43:5843 - [34minfo[39m: [34mAplicação está funcionando na porta:3000[39m
2025-07-03 10:58:48:5848 - [34minfo[39m: [34mConectou ao banco de dados![39m
2025-07-03 10:58:48:5848 - [34minfo[39m: [34mAplicação está funcionando na porta:3000[39m
2025-07-03 11:10:50:1050 - [34minfo[39m: [34mConectou ao banco de dados![39m
2025-07-03 11:10:50:1050 - [34minfo[39m: [34mAplicação está funcionando na porta:3000[39m
2025-07-03 11:11:36:1136 - [34minfo[39m: [34mConectou ao banco de dados![39m
2025-07-03 11:11:36:1136 - [34minfo[39m: [34mAplicação está funcionando na porta:3000[39m
2025-07-03 11:12:19:1219 - [34minfo[39m: [34mConectou ao banco de dados![39m
2025-07-03 11:12:19:1219 - [34minfo[39m: [34mAplicação está funcionando na porta:3000[39m
2025-07-03 11:12:32:1232 - [34minfo[39m: [34mConectou ao banco de dados![39m
2025-07-03 11:12:32:1232 - [34minfo[39m: [34mAplicação está funcionando na porta:3000[39m
2025-07-03 11:13:12:1312 - [34minfo[39m: [34mConectou ao banco de dados![39m
2025-07-03 11:13:12:1312 - [34minfo[39m: [34mAplicação está funcionando na porta:3000[39m
2025-07-03 11:22:34:2234 - [34minfo[39m: [34mConectou ao banco de dados![39m
2025-07-03 11:22:34:2234 - [34minfo[39m: [34mAplicação está funcionando na porta:3000[39m
2025-07-03 11:22:52:2252 - [34minfo[39m: [34mConectou ao banco de dados![39m
2025-07-03 11:22:52:2252 - [34minfo[39m: [34mAplicação está funcionando na porta:3000[39m
2025-07-03 11:22:55:2255 - [34minfo[39m: [34mConectou ao banco de dados![39m
2025-07-03 11:22:55:2255 - [34minfo[39m: [34mAplicação está funcionando na porta:3000[39m
2025-07-03 11:22:58:2258 - [34minfo[39m: [34mConectou ao banco de dados![39m
2025-07-03 11:22:58:2258 - [34minfo[39m: [34mAplicação está funcionando na porta:3000[39m
2025-07-03 11:23:03:233 - [34minfo[39m: [34mConectou ao banco de dados![39m
2025-07-03 11:23:03:233 - [34minfo[39m: [34mAplicação está funcionando na porta:3000[39m
2025-07-03 11:23:12:2312 - [34minfo[39m: [34mConectou ao banco de dados![39m
2025-07-03 11:23:12:2312 - [34minfo[39m: [34mAplicação está funcionando na porta:3000[39m
2025-07-03 11:23:30:2330 - [34minfo[39m: [34mConectou ao banco de dados![39m
2025-07-03 11:23:30:2330 - [34minfo[39m: [34mAplicação está funcionando na porta:3000[39m
2025-07-03 11:33:36:3336 - [34minfo[39m: [34mConectou ao banco de dados![39m
2025-07-03 11:33:36:3336 - [34minfo[39m: [34mAplicação está funcionando na porta:3000[39m
2025-07-03 11:33:51:3351 - [34minfo[39m: [34mConectou ao banco de dados![39m
2025-07-03 11:33:51:3351 - [34minfo[39m: [34mAplicação está funcionando na porta:3000[39m
2025-07-03 11:33:55:3355 - [34minfo[39m: [34mConectou ao banco de dados![39m
2025-07-03 11:33:55:3355 - [34minfo[39m: [34mAplicação está funcionando na porta:3000[39m
2025-07-03 11:33:59:3359 - [34minfo[39m: [34mConectou ao banco de dados![39m
2025-07-03 11:33:59:3359 - [34minfo[39m: [34mAplicação está funcionando na porta:3000[39m
2025-07-03 11:34:03:343 - [34minfo[39m: [34mConectou ao banco de dados![39m
2025-07-03 11:34:03:343 - [34minfo[39m: [34mAplicação está funcionando na porta:3000[39m
2025-07-03 11:34:09:349 - [34minfo[39m: [34mConectou ao banco de dados![39m
2025-07-03 11:34:09:349 - [34minfo[39m: [34mAplicação está funcionando na porta:3000[39m
2025-07-03 11:34:18:3418 - [34minfo[39m: [34mConectou ao banco de dados![39m
2025-07-03 11:34:18:3418 - [34minfo[39m: [34mAplicação está funcionando na porta:3000[39m
2025-07-03 11:53:57:5357 - [34minfo[39m: [34mConectou ao banco de dados![39m
2025-07-03 11:53:57:5357 - [34minfo[39m: [34mAplicação está funcionando na porta:3000[39m
2025-07-03 11:55:42:5542 - [34minfo[39m: [34mConectou ao banco de dados![39m
2025-07-03 11:55:42:5542 - [34minfo[39m: [34mAplicação está funcionando na porta:3000[39m
2025-07-03 11:56:00:560 - [34minfo[39m: [34mConectou ao banco de dados![39m
2025-07-03 11:56:00:560 - [34minfo[39m: [34mAplicação está funcionando na porta:3000[39m
2025-07-03 11:56:05:565 - [34minfo[39m: [34mConectou ao banco de dados![39m
2025-07-03 11:56:05:565 - [34minfo[39m: [34mAplicação está funcionando na porta:3000[39m
2025-07-03 11:56:17:5617 - [34minfo[39m: [34mConectou ao banco de dados![39m
2025-07-03 11:56:17:5617 - [34minfo[39m: [34mAplicação está funcionando na porta:3000[39m
2025-07-03 11:56:20:5620 - [34minfo[39m: [34mConectou ao banco de dados![39m
2025-07-03 11:56:20:5620 - [34minfo[39m: [34mAplicação está funcionando na porta:3000[39m
2025-07-03 11:56:24:5624 - [34minfo[39m: [34mConectou ao banco de dados![39m
2025-07-03 11:56:24:5624 - [34minfo[39m: [34mAplicação está funcionando na porta:3000[39m
2025-07-03 11:56:25:5625 - [34minfo[39m: [34mConectou ao banco de dados![39m
2025-07-03 11:56:25:5625 - [34minfo[39m: [34mAplicação está funcionando na porta:3000[39m
2025-07-03 11:56:27:5627 - [34minfo[39m: [34mConectou ao banco de dados![39m
2025-07-03 11:56:27:5627 - [34minfo[39m: [34mAplicação está funcionando na porta:3000[39m
2025-07-03 11:56:35:5635 - [34minfo[39m: [34mConectou ao banco de dados![39m
2025-07-03 11:56:35:5635 - [34minfo[39m: [34mAplicação está funcionando na porta:3000[39m
2025-07-03 11:57:45:5745 - [34minfo[39m: [34mConectou ao banco de dados![39m
2025-07-03 11:57:45:5745 - [34minfo[39m: [34mAplicação está funcionando na porta:3000[39m
2025-07-03 12:00:22:022 - [34minfo[39m: [34mConectou ao banco de dados![39m
2025-07-03 12:00:22:022 - [34minfo[39m: [34mAplicação está funcionando na porta:3000[39m
2025-07-03 12:00:27:027 - [34minfo[39m: [34mConectou ao banco de dados![39m
2025-07-03 12:00:27:027 - [34minfo[39m: [34mAplicação está funcionando na porta:3000[39m
2025-07-03 12:00:29:029 - [34minfo[39m: [34mConectou ao banco de dados![39m
2025-07-03 12:00:29:029 - [34minfo[39m: [34mAplicação está funcionando na porta:3000[39m
2025-07-03 12:00:32:032 - [34minfo[39m: [34mConectou ao banco de dados![39m
2025-07-03 12:00:32:032 - [34minfo[39m: [34mAplicação está funcionando na porta:3000[39m
2025-07-03 12:01:00:10 - [34minfo[39m: [34mConectou ao banco de dados![39m
2025-07-03 12:01:01:11 - [34minfo[39m: [34mAplicação está funcionando na porta:3000[39m
2025-07-03 12:01:12:112 - [34minfo[39m: [34mConectou ao banco de dados![39m
2025-07-03 12:01:12:112 - [34minfo[39m: [34mAplicação está funcionando na porta:3000[39m
2025-07-03 12:01:14:114 - [34minfo[39m: [34mConectou ao banco de dados![39m
2025-07-03 12:01:14:114 - [34minfo[39m: [34mAplicação está funcionando na porta:3000[39m
2025-07-03 12:01:17:117 - [34minfo[39m: [34mConectou ao banco de dados![39m
2025-07-03 12:01:17:117 - [34minfo[39m: [34mAplicação está funcionando na porta:3000[39m
2025-07-03 12:01:24:124 - [34minfo[39m: [34mConectou ao banco de dados![39m
2025-07-03 12:01:24:124 - [34minfo[39m: [34mAplicação está funcionando na porta:3000[39m
2025-07-03 13:33:50:3350 - [31merror[39m: [31mErro no sistema: 40589CA0D47F0000:error:0A000438:SSL routines:ssl3_read_bytes:tlsv1 alert internal error:../deps/openssl/openssl/ssl/record/rec_layer_s3.c:1605:SSL alert number 80[39m
[31m[39m
2025-07-03 13:34:31:3431 - [31merror[39m: [31mErro no sistema: 40589CA0D47F0000:error:0A000438:SSL routines:ssl3_read_bytes:tlsv1 alert internal error:../deps/openssl/openssl/ssl/record/rec_layer_s3.c:1605:SSL alert number 80[39m
[31m[39m
2025-07-04 08:42:17:4217 - [31merror[39m: [31mErro no sistema: 40589CA0D47F0000:error:0A000438:SSL routines:ssl3_read_bytes:tlsv1 alert internal error:../deps/openssl/openssl/ssl/record/rec_layer_s3.c:1605:SSL alert number 80[39m
[31m[39m
2025-07-04 08:44:28:4428 - [31merror[39m: [31mNão foi possível conectar![39m
2025-07-04 08:46:42:4642 - [31merror[39m: [31mNão foi possível conectar![39m
2025-07-04 08:52:34:5234 - [31merror[39m: [31mNão foi possível conectar![39m
2025-07-04 08:54:02:542 - [31merror[39m: [31mNão foi possível conectar![39m
2025-07-04 08:58:23:5823 - [31merror[39m: [31mNão foi possível conectar![39m
2025-07-04 09:23:16:2316 - [31merror[39m: [31mNão foi possível conectar![39m
2025-07-04 09:26:06:266 - [34minfo[39m: [34mConectou ao banco de dados![39m
2025-07-04 09:26:06:266 - [34minfo[39m: [34mAplicação está funcionando na porta:3000[39m
2025-07-04 09:26:19:2619 - [34minfo[39m: [34mConectou ao banco de dados![39m
2025-07-04 09:26:19:2619 - [34minfo[39m: [34mAplicação está funcionando na porta:3000[39m
2025-07-04 09:30:05:305 - [34minfo[39m: [34mConectou ao banco de dados![39m
2025-07-04 09:30:05:305 - [34minfo[39m: [34mAplicação está funcionando na porta:3000[39m
2025-07-04 09:30:07:307 - [34minfo[39m: [34mConectou ao banco de dados![39m
2025-07-04 09:30:07:307 - [34minfo[39m: [34mAplicação está funcionando na porta:3000[39m
2025-07-04 09:30:09:309 - [34minfo[39m: [34mConectou ao banco de dados![39m
2025-07-04 09:30:09:309 - [34minfo[39m: [34mAplicação está funcionando na porta:3000[39m
2025-07-04 09:30:17:3017 - [34minfo[39m: [34mConectou ao banco de dados![39m
2025-07-04 09:30:17:3017 - [34minfo[39m: [34mAplicação está funcionando na porta:3000[39m
2025-07-04 09:30:36:3036 - [34minfo[39m: [34mConectou ao banco de dados![39m
2025-07-04 09:30:36:3036 - [34minfo[39m: [34mAplicação está funcionando na porta:3000[39m
2025-07-04 09:30:38:3038 - [34minfo[39m: [34mConectou ao banco de dados![39m
2025-07-04 09:30:38:3038 - [34minfo[39m: [34mAplicação está funcionando na porta:3000[39m
2025-07-04 09:30:43:3043 - [34minfo[39m: [34mConectou ao banco de dados![39m
2025-07-04 09:30:43:3043 - [34minfo[39m: [34mAplicação está funcionando na porta:3000[39m
2025-07-04 09:30:51:3051 - [34minfo[39m: [34mConectou ao banco de dados![39m
2025-07-04 09:30:51:3051 - [34minfo[39m: [34mAplicação está funcionando na porta:3000[39m
2025-07-04 09:30:57:3057 - [34minfo[39m: [34mConectou ao banco de dados![39m
2025-07-04 09:30:57:3057 - [34minfo[39m: [34mAplicação está funcionando na porta:3000[39m
2025-07-04 09:31:33:3133 - [34minfo[39m: [34mConectou ao banco de dados![39m
2025-07-04 09:31:33:3133 - [34minfo[39m: [34mAplicação está funcionando na porta:3000[39m
2025-07-04 09:31:38:3138 - [34minfo[39m: [34mConectou ao banco de dados![39m
2025-07-04 09:31:38:3138 - [34minfo[39m: [34mAplicação está funcionando na porta:3000[39m
2025-07-04 09:31:45:3145 - [34minfo[39m: [34mConectou ao banco de dados![39m
2025-07-04 09:31:45:3145 - [34minfo[39m: [34mAplicação está funcionando na porta:3000[39m
2025-07-04 09:31:51:3151 - [34minfo[39m: [34mConectou ao banco de dados![39m
2025-07-04 09:31:51:3151 - [34minfo[39m: [34mAplicação está funcionando na porta:3000[39m
2025-07-04 09:31:55:3155 - [34minfo[39m: [34mConectou ao banco de dados![39m
2025-07-04 09:31:55:3155 - [34minfo[39m: [34mAplicação está funcionando na porta:3000[39m
2025-07-04 09:32:00:320 - [34minfo[39m: [34mConectou ao banco de dados![39m
2025-07-04 09:32:00:320 - [34minfo[39m: [34mAplicação está funcionando na porta:3000[39m
2025-07-04 09:32:12:3212 - [34minfo[39m: [34mConectou ao banco de dados![39m
2025-07-04 09:32:12:3212 - [34minfo[39m: [34mAplicação está funcionando na porta:3000[39m
2025-07-04 09:32:38:3238 - [34minfo[39m: [34mConectou ao banco de dados![39m
2025-07-04 09:32:38:3238 - [34minfo[39m: [34mAplicação está funcionando na porta:3000[39m
2025-07-04 09:32:43:3243 - [34minfo[39m: [34mConectou ao banco de dados![39m
2025-07-04 09:32:43:3243 - [34minfo[39m: [34mAplicação está funcionando na porta:3000[39m
2025-07-04 09:32:50:3250 - [34minfo[39m: [34mConectou ao banco de dados![39m
2025-07-04 09:32:50:3250 - [34minfo[39m: [34mAplicação está funcionando na porta:3000[39m
2025-07-04 09:33:09:339 - [34minfo[39m: [34mConectou ao banco de dados![39m
2025-07-04 09:33:09:339 - [34minfo[39m: [34mAplicação está funcionando na porta:3000[39m
2025-07-04 09:33:15:3315 - [34minfo[39m: [34mConectou ao banco de dados![39m
2025-07-04 09:33:15:3315 - [34minfo[39m: [34mAplicação está funcionando na porta:3000[39m
2025-07-04 09:33:20:3320 - [34minfo[39m: [34mConectou ao banco de dados![39m
2025-07-04 09:33:20:3320 - [34minfo[39m: [34mAplicação está funcionando na porta:3000[39m
2025-07-04 09:33:30:3330 - [34minfo[39m: [34mConectou ao banco de dados![39m
2025-07-04 09:33:30:3330 - [34minfo[39m: [34mAplicação está funcionando na porta:3000[39m
2025-07-04 09:33:57:3357 - [34minfo[39m: [34mConectou ao banco de dados![39m
2025-07-04 09:33:57:3357 - [34minfo[39m: [34mAplicação está funcionando na porta:3000[39m
2025-07-04 09:34:00:340 - [34minfo[39m: [34mConectou ao banco de dados![39m
2025-07-04 09:34:00:340 - [34minfo[39m: [34mAplicação está funcionando na porta:3000[39m
2025-07-04 09:34:05:345 - [34minfo[39m: [34mConectou ao banco de dados![39m
2025-07-04 09:34:05:345 - [34minfo[39m: [34mAplicação está funcionando na porta:3000[39m
2025-07-04 09:34:41:3441 - [34minfo[39m: [34mConectou ao banco de dados![39m
2025-07-04 09:34:41:3441 - [34minfo[39m: [34mAplicação está funcionando na porta:3000[39m
2025-07-04 09:35:06:356 - [34minfo[39m: [34mConectou ao banco de dados![39m
2025-07-04 09:35:06:356 - [34minfo[39m: [34mAplicação está funcionando na porta:3000[39m
2025-07-04 09:35:07:357 - [34minfo[39m: [34mConectou ao banco de dados![39m
2025-07-04 09:35:07:357 - [34minfo[39m: [34mAplicação está funcionando na porta:3000[39m
2025-07-04 09:35:15:3515 - [34minfo[39m: [34mConectou ao banco de dados![39m
2025-07-04 09:35:15:3515 - [34minfo[39m: [34mAplicação está funcionando na porta:3000[39m
2025-07-04 09:35:19:3519 - [34minfo[39m: [34mConectou ao banco de dados![39m
2025-07-04 09:35:19:3519 - [34minfo[39m: [34mAplicação está funcionando na porta:3000[39m
2025-07-04 09:35:23:3523 - [34minfo[39m: [34mConectou ao banco de dados![39m
2025-07-04 09:35:23:3523 - [34minfo[39m: [34mAplicação está funcionando na porta:3000[39m
2025-07-04 09:35:26:3526 - [34minfo[39m: [34mConectou ao banco de dados![39m
2025-07-04 09:35:26:3526 - [34minfo[39m: [34mAplicação está funcionando na porta:3000[39m
2025-07-04 09:35:29:3529 - [34minfo[39m: [34mConectou ao banco de dados![39m
2025-07-04 09:35:29:3529 - [34minfo[39m: [34mAplicação está funcionando na porta:3000[39m
2025-07-04 09:35:31:3531 - [34minfo[39m: [34mConectou ao banco de dados![39m
2025-07-04 09:35:31:3531 - [34minfo[39m: [34mAplicação está funcionando na porta:3000[39m
2025-07-04 09:35:35:3535 - [34minfo[39m: [34mConectou ao banco de dados![39m
2025-07-04 09:35:35:3535 - [34minfo[39m: [34mAplicação está funcionando na porta:3000[39m
2025-07-04 09:35:41:3541 - [34minfo[39m: [34mConectou ao banco de dados![39m
2025-07-04 09:35:41:3541 - [34minfo[39m: [34mAplicação está funcionando na porta:3000[39m
2025-07-04 09:35:45:3545 - [34minfo[39m: [34mConectou ao banco de dados![39m
2025-07-04 09:35:45:3545 - [34minfo[39m: [34mAplicação está funcionando na porta:3000[39m
2025-07-04 09:36:03:363 - [34minfo[39m: [34mConectou ao banco de dados![39m
2025-07-04 09:36:03:363 - [34minfo[39m: [34mAplicação está funcionando na porta:3000[39m
2025-07-04 09:36:05:365 - [34minfo[39m: [34mConectou ao banco de dados![39m
2025-07-04 09:36:05:365 - [34minfo[39m: [34mAplicação está funcionando na porta:3000[39m
2025-07-04 09:36:09:369 - [34minfo[39m: [34mConectou ao banco de dados![39m
2025-07-04 09:36:09:369 - [34minfo[39m: [34mAplicação está funcionando na porta:3000[39m
2025-07-04 09:36:21:3621 - [34minfo[39m: [34mConectou ao banco de dados![39m
2025-07-04 09:36:21:3621 - [34minfo[39m: [34mAplicação está funcionando na porta:3000[39m
2025-07-04 09:36:28:3628 - [34minfo[39m: [34mConectou ao banco de dados![39m
2025-07-04 09:36:28:3628 - [34minfo[39m: [34mAplicação está funcionando na porta:3000[39m
2025-07-04 09:36:32:3632 - [34minfo[39m: [34mConectou ao banco de dados![39m
2025-07-04 09:36:32:3632 - [34minfo[39m: [34mAplicação está funcionando na porta:3000[39m
2025-07-04 09:36:36:3636 - [34minfo[39m: [34mConectou ao banco de dados![39m
2025-07-04 09:36:36:3636 - [34minfo[39m: [34mAplicação está funcionando na porta:3000[39m
2025-07-04 09:36:41:3641 - [34minfo[39m: [34mConectou ao banco de dados![39m
2025-07-04 09:36:41:3641 - [34minfo[39m: [34mAplicação está funcionando na porta:3000[39m
2025-07-04 09:36:45:3645 - [34minfo[39m: [34mConectou ao banco de dados![39m
2025-07-04 09:36:45:3645 - [34minfo[39m: [34mAplicação está funcionando na porta:3000[39m
2025-07-04 09:36:50:3650 - [34minfo[39m: [34mConectou ao banco de dados![39m
2025-07-04 09:36:50:3650 - [34minfo[39m: [34mAplicação está funcionando na porta:3000[39m
2025-07-04 09:36:55:3655 - [34minfo[39m: [34mConectou ao banco de dados![39m
2025-07-04 09:36:55:3655 - [34minfo[39m: [34mAplicação está funcionando na porta:3000[39m
2025-07-04 09:37:35:3735 - [34minfo[39m: [34mConectou ao banco de dados![39m
2025-07-04 09:37:35:3735 - [34minfo[39m: [34mAplicação está funcionando na porta:3000[39m
2025-07-04 09:37:37:3737 - [34minfo[39m: [34mConectou ao banco de dados![39m
2025-07-04 09:37:37:3737 - [34minfo[39m: [34mAplicação está funcionando na porta:3000[39m
2025-07-04 09:37:42:3742 - [34minfo[39m: [34mConectou ao banco de dados![39m
2025-07-04 09:37:42:3742 - [34minfo[39m: [34mAplicação está funcionando na porta:3000[39m
2025-07-04 09:37:46:3746 - [34minfo[39m: [34mConectou ao banco de dados![39m
2025-07-04 09:37:46:3746 - [34minfo[39m: [34mAplicação está funcionando na porta:3000[39m
2025-07-04 09:38:22:3822 - [34minfo[39m: [34mConectou ao banco de dados![39m
2025-07-04 09:38:22:3822 - [34minfo[39m: [34mAplicação está funcionando na porta:3000[39m
2025-07-04 09:38:28:3828 - [34minfo[39m: [34mConectou ao banco de dados![39m
2025-07-04 09:38:28:3828 - [34minfo[39m: [34mAplicação está funcionando na porta:3000[39m
2025-07-04 09:38:29:3829 - [34minfo[39m: [34mConectou ao banco de dados![39m
2025-07-04 09:38:29:3829 - [34minfo[39m: [34mAplicação está funcionando na porta:3000[39m
2025-07-04 09:38:42:3842 - [34minfo[39m: [34mConectou ao banco de dados![39m
2025-07-04 09:38:42:3842 - [34minfo[39m: [34mAplicação está funcionando na porta:3000[39m
2025-07-04 09:38:47:3847 - [34minfo[39m: [34mConectou ao banco de dados![39m
2025-07-04 09:38:47:3847 - [34minfo[39m: [34mAplicação está funcionando na porta:3000[39m
2025-07-04 09:40:40:4040 - [34minfo[39m: [34mConectou ao banco de dados![39m
2025-07-04 09:40:40:4040 - [34minfo[39m: [34mAplicação está funcionando na porta:3000[39m
2025-07-04 09:40:43:4043 - [34minfo[39m: [34mConectou ao banco de dados![39m
2025-07-04 09:40:43:4043 - [34minfo[39m: [34mAplicação está funcionando na porta:3000[39m
2025-07-04 09:40:45:4045 - [34minfo[39m: [34mConectou ao banco de dados![39m
2025-07-04 09:40:45:4045 - [34minfo[39m: [34mAplicação está funcionando na porta:3000[39m
2025-07-04 09:40:48:4048 - [34minfo[39m: [34mConectou ao banco de dados![39m
2025-07-04 09:40:48:4048 - [34minfo[39m: [34mAplicação está funcionando na porta:3000[39m
2025-07-04 09:40:55:4055 - [34minfo[39m: [34mConectou ao banco de dados![39m
2025-07-04 09:40:55:4055 - [34minfo[39m: [34mAplicação está funcionando na porta:3000[39m
2025-07-04 09:40:56:4056 - [34minfo[39m: [34mConectou ao banco de dados![39m
2025-07-04 09:40:56:4056 - [34minfo[39m: [34mAplicação está funcionando na porta:3000[39m
2025-07-04 09:41:08:418 - [34minfo[39m: [34mConectou ao banco de dados![39m
2025-07-04 09:41:08:418 - [34minfo[39m: [34mAplicação está funcionando na porta:3000[39m
2025-07-04 09:41:13:4113 - [34minfo[39m: [34mConectou ao banco de dados![39m
2025-07-04 09:41:13:4113 - [34minfo[39m: [34mAplicação está funcionando na porta:3000[39m
2025-07-04 09:41:16:4116 - [34minfo[39m: [34mConectou ao banco de dados![39m
2025-07-04 09:41:16:4116 - [34minfo[39m: [34mAplicação está funcionando na porta:3000[39m
2025-07-04 09:41:19:4119 - [34minfo[39m: [34mConectou ao banco de dados![39m
2025-07-04 09:41:19:4119 - [34minfo[39m: [34mAplicação está funcionando na porta:3000[39m
2025-07-04 09:41:26:4126 - [34minfo[39m: [34mConectou ao banco de dados![39m
2025-07-04 09:41:26:4126 - [34minfo[39m: [34mAplicação está funcionando na porta:3000[39m
2025-07-04 09:41:28:4128 - [34minfo[39m: [34mConectou ao banco de dados![39m
2025-07-04 09:41:29:4129 - [34minfo[39m: [34mAplicação está funcionando na porta:3000[39m
